#
# There is insufficient memory for the Java Runtime Environment to continue.
# Native memory allocation (malloc) failed to allocate 1048576 bytes for AllocateHeap
# Possible reasons:
#   The system is out of physical RAM or swap space
#   In 32 bit mode, the process size limit was hit
# Possible solutions:
#   Reduce memory load on the system
#   Increase physical memory or swap space
#   Check if swap backing store is full
#   Use 64 bit Java on a 64 bit OS
#   Decrease Java heap size (-Xmx/-Xms)
#   Decrease number of Java threads
#   Decrease Java thread stack sizes (-Xss)
#   Set larger code cache with -XX:ReservedCodeCacheSize=
# This output file may be truncated or incomplete.
#
#  Out of Memory Error (memory/allocation.inline.hpp:61), pid=1156, tid=13396
#
# JRE version:  (7.0_79-b15) (build )
# Java VM: Java HotSpot(TM) 64-Bit Server VM (24.79-b02 mixed mode windows-amd64 compressed oops)
# Failed to write core dump. Minidumps are not enabled by default on client versions of Windows
#

---------------  T H R E A D  ---------------

Current thread (0x00000000021c0800):  JavaThread "Unknown thread" [_thread_in_vm, id=13396, stack(0x0000000002050000,0x0000000002150000)]

Stack: [0x0000000002050000,0x0000000002150000]

---------------  P R O C E S S  ---------------

Java Threads: ( => current thread )

Other Threads:

=>0x00000000021c0800 (exited) JavaThread "Unknown thread" [_thread_in_vm, id=13396, stack(0x0000000002050000,0x0000000002150000)]

VM state:not at safepoint (normal execution)

VM Mutex/Monitor currently owned by a thread: None

Heap
 PSYoungGen      total 18944K, used 327K [0x00000000eaa80000, 0x00000000ebf80000, 0x0000000100000000)
  eden space 16384K, 2% used [0x00000000eaa80000,0x00000000eaad1f10,0x00000000eba80000)
  from space 2560K, 0% used [0x00000000ebd00000,0x00000000ebd00000,0x00000000ebf80000)
  to   space 2560K, 0% used [0x00000000eba80000,0x00000000eba80000,0x00000000ebd00000)
 ParOldGen       total 42496K, used 0K [0x00000000c0000000, 0x00000000c2980000, 0x00000000eaa80000)
  object space 42496K, 0% used [0x00000000c0000000,0x00000000c0000000,0x00000000c2980000)
 PSPermGen       total 21504K, used 697K [0x00000000bae00000, 0x00000000bc300000, 0x00000000c0000000)
  object space 21504K, 3% used [0x00000000bae00000,0x00000000baeae588,0x00000000bc300000)

Card table byte_map: [0x00000000052c0000,0x00000000054f0000] byte_map_base: 0x0000000004ce9000

Polling page: 0x0000000000810000

Code Cache  [0x00000000022c0000, 0x0000000002530000, 0x00000000052c0000)
 total_blobs=38 nmethods=0 adapters=20 free_code_cache=48889Kb largest_free_block=50062528

Compilation events (0 events):
No events

GC Heap History (0 events):
No events

Deoptimization events (0 events):
No events

Internal exceptions (0 events):
No events

Events (10 events):
Event: 0.024 loading class 0x00000000022062a0
Event: 0.024 loading class 0x00000000022062a0 done
Event: 0.024 loading class 0x00000000022062f0
Event: 0.024 loading class 0x00000000022062f0 done
Event: 0.024 loading class 0x0000000002206340
Event: 0.024 loading class 0x0000000002206340 done
Event: 0.025 loading class 0x00000000022070c0
Event: 0.025 loading class 0x00000000022070c0 done
Event: 0.025 loading class 0x0000000002206ce0
Event: 0.025 loading class 0x0000000002206ce0 done


Dynamic libraries:
0x00007ff6a4b00000 - 0x00007ff6a4b33000 	C:\Program Files\Java\jdk1.7.0_79\bin\java.exe
0x00007ffa56aa0000 - 0x00007ffa56c61000 	C:\WINDOWS\SYSTEM32\ntdll.dll
0x00007ffa54500000 - 0x00007ffa545ad000 	C:\WINDOWS\system32\KERNEL32.DLL
0x00007ffa53390000 - 0x00007ffa53578000 	C:\WINDOWS\system32\KERNELBASE.dll
0x00007ffa54db0000 - 0x00007ffa54e57000 	C:\WINDOWS\system32\ADVAPI32.dll
0x00007ffa54960000 - 0x00007ffa549fd000 	C:\WINDOWS\system32\msvcrt.dll
0x00007ffa54900000 - 0x00007ffa5495b000 	C:\WINDOWS\system32\sechost.dll
0x00007ffa54a10000 - 0x00007ffa54b2c000 	C:\WINDOWS\system32\RPCRT4.dll
0x00007ffa55020000 - 0x00007ffa55176000 	C:\WINDOWS\system32\USER32.dll
0x00007ffa568b0000 - 0x00007ffa56a36000 	C:\WINDOWS\system32\GDI32.dll
0x00007ffa44d80000 - 0x00007ffa44ff4000 	C:\WINDOWS\WinSxS\amd64_microsoft.windows.common-controls_6595b64144ccf1df_6.0.10586.0_none_8c15ae12515e1c22\COMCTL32.dll
0x00007ffa54680000 - 0x00007ffa548fd000 	C:\WINDOWS\system32\combase.dll
0x00007ffa53150000 - 0x00007ffa531ba000 	C:\WINDOWS\system32\bcryptPrimitives.dll
0x00007ffa53fb0000 - 0x00007ffa53feb000 	C:\WINDOWS\system32\IMM32.DLL
0x0000000071e40000 - 0x0000000071f12000 	C:\Program Files\Java\jdk1.7.0_79\jre\bin\msvcr100.dll
0x0000000072790000 - 0x0000000072f65000 	C:\Program Files\Java\jdk1.7.0_79\jre\bin\server\jvm.dll
0x00007ffa54a00000 - 0x00007ffa54a08000 	C:\WINDOWS\system32\PSAPI.DLL
0x00007ffa48c30000 - 0x00007ffa48c39000 	C:\WINDOWS\SYSTEM32\WSOCK32.dll
0x00007ffa54b30000 - 0x00007ffa54b9b000 	C:\WINDOWS\system32\WS2_32.dll
0x00007ffa51840000 - 0x00007ffa51863000 	C:\WINDOWS\SYSTEM32\WINMM.dll
0x00007ffa51810000 - 0x00007ffa5183c000 	C:\WINDOWS\SYSTEM32\WINMMBASE.dll
0x00007ffa53c80000 - 0x00007ffa53cc3000 	C:\WINDOWS\system32\cfgmgr32.dll
0x00000000726a0000 - 0x00000000726af000 	C:\Program Files\Java\jdk1.7.0_79\jre\bin\verify.dll
0x0000000072670000 - 0x0000000072698000 	C:\Program Files\Java\jdk1.7.0_79\jre\bin\java.dll
0x0000000072650000 - 0x0000000072665000 	C:\Program Files\Java\jdk1.7.0_79\jre\bin\zip.dll

VM Arguments:
jvm_args: -Xmx1024M -Dfile.encoding=windows-1252 -Duser.country=US -Duser.language=en -Duser.variant 
java_command: com.android.dx.command.Main --dex --num-threads=4 --output C:\Users\Rayan\Desktop\RayanASB\app\build\intermediates\pre-dexed\debug\classes-9e73f059174672e3fb077fb4fc9492a41db021af.jar C:\Users\Rayan\Desktop\RayanASB\app\build\intermediates\exploded-aar\com.android.support\support-vector-drawable\23.2.0\jars\classes.jar
Launcher Type: SUN_STANDARD

Environment Variables:
PATH=C:\ProgramData\Oracle\Java\javapath;C:\WINDOWS\system32;C:\WINDOWS;C:\WINDOWS\System32\Wbem;C:\WINDOWS\System32\WindowsPowerShell\v1.0\;C:\Program Files (x86)\Windows Live\Shared;C:\Program Files (x86)\QuickTime\QTSystem\;C:\Program Files (x86)\Skype\Phone\;C:\Program Files\Git\cmd
USERNAME=Rayan
OS=Windows_NT
PROCESSOR_IDENTIFIER=Intel64 Family 6 Model 69 Stepping 1, GenuineIntel



---------------  S Y S T E M  ---------------

OS: Windows 8.1 , 64 bit Build 9600 

CPU:total 4 (2 cores per cpu, 2 threads per core) family 6 model 69 stepping 1, cmov, cx8, fxsr, mmx, sse, sse2, sse3, ssse3, sse4.1, sse4.2, popcnt, avx, avx2, aes, erms, ht, tsc, tscinvbit

Memory: 4k page, physical 4097096k(325168k free), swap 9289988k(59004k free)

vm_info: Java HotSpot(TM) 64-Bit Server VM (24.79-b02) for windows-amd64 JRE (1.7.0_79-b15), built on Apr 10 2015 12:36:16 by "java_re" with unknown MS VC++:1600

time: Sat Apr 16 23:37:38 2016
elapsed time: 0 seconds

