#
# There is insufficient memory for the Java Runtime Environment to continue.
# Native memory allocation (malloc) failed to allocate 863776 bytes for Chunk::new
# Possible reasons:
#   The system is out of physical RAM or swap space
#   In 32 bit mode, the process size limit was hit
# Possible solutions:
#   Reduce memory load on the system
#   Increase physical memory or swap space
#   Check if swap backing store is full
#   Use 64 bit Java on a 64 bit OS
#   Decrease Java heap size (-Xmx/-Xms)
#   Decrease number of Java threads
#   Decrease Java thread stack sizes (-Xss)
#   Set larger code cache with -XX:ReservedCodeCacheSize=
# This output file may be truncated or incomplete.
#
#  Out of Memory Error (allocation.cpp:323), pid=3956, tid=10136
#
# JRE version: Java(TM) SE Runtime Environment (7.0_79-b15) (build 1.7.0_79-b15)
# Java VM: Java HotSpot(TM) 64-Bit Server VM (24.79-b02 mixed mode windows-amd64 compressed oops)
# Failed to write core dump. Minidumps are not enabled by default on client versions of Windows
#

---------------  T H R E A D  ---------------

Current thread (0x0000000008167800):  JavaThread "C2 CompilerThread0" daemon [_thread_in_native, id=10136, stack(0x00000000096c0000,0x00000000097c0000)]

Stack: [0x00000000096c0000,0x00000000097c0000]

Current CompileTask:
C2:   5396  323             com.android.dx.ssa.DeadCodeRemover::run (194 bytes)


---------------  P R O C E S S  ---------------

Java Threads: ( => current thread )
  0x0000000009ca0000 JavaThread "pool-1-thread-4" [_thread_in_Java, id=10288, stack(0x000000000a2c0000,0x000000000a3c0000)]
  0x0000000009c9f800 JavaThread "pool-1-thread-3" [_thread_blocked, id=12916, stack(0x000000000a1c0000,0x000000000a2c0000)]
  0x0000000009cc2000 JavaThread "pool-1-thread-2" [_thread_blocked, id=10340, stack(0x000000000a0c0000,0x000000000a1c0000)]
  0x0000000009cc1800 JavaThread "pool-2-thread-1" [_thread_blocked, id=5500, stack(0x0000000009fc0000,0x000000000a0c0000)]
  0x0000000009cb5800 JavaThread "pool-1-thread-1" [_thread_in_Java, id=4824, stack(0x0000000009ec0000,0x0000000009fc0000)]
  0x0000000008170800 JavaThread "Service Thread" daemon [_thread_blocked, id=8928, stack(0x00000000098c0000,0x00000000099c0000)]
  0x000000000816a000 JavaThread "C2 CompilerThread1" daemon [_thread_in_native, id=5476, stack(0x00000000097c0000,0x00000000098c0000)]
=>0x0000000008167800 JavaThread "C2 CompilerThread0" daemon [_thread_in_native, id=10136, stack(0x00000000096c0000,0x00000000097c0000)]
  0x000000000815c000 JavaThread "Attach Listener" daemon [_thread_blocked, id=9868, stack(0x00000000095c0000,0x00000000096c0000)]
  0x0000000008159000 JavaThread "Signal Dispatcher" daemon [_thread_blocked, id=4972, stack(0x00000000094c0000,0x00000000095c0000)]
  0x000000000811f800 JavaThread "Finalizer" daemon [_thread_blocked, id=11932, stack(0x00000000093c0000,0x00000000094c0000)]
  0x0000000008116800 JavaThread "Reference Handler" daemon [_thread_blocked, id=11176, stack(0x00000000092c0000,0x00000000093c0000)]
  0x00000000021c0800 JavaThread "main" [_thread_blocked, id=13572, stack(0x0000000002040000,0x0000000002140000)]

Other Threads:
  0x0000000008111800 VMThread [stack: 0x00000000091c0000,0x00000000092c0000] [id=12264]
  0x0000000008183000 WatcherThread [stack: 0x00000000099c0000,0x0000000009ac0000] [id=8804]

VM state:not at safepoint (normal execution)

VM Mutex/Monitor currently owned by a thread: None

Heap
 PSYoungGen      total 18944K, used 5651K [0x00000000eaa80000, 0x00000000ebf80000, 0x0000000100000000)
  eden space 16384K, 18% used [0x00000000eaa80000,0x00000000ead854c0,0x00000000eba80000)
  from space 2560K, 99% used [0x00000000eba80000,0x00000000ebcff850,0x00000000ebd00000)
  to   space 2560K, 0% used [0x00000000ebd00000,0x00000000ebd00000,0x00000000ebf80000)
 ParOldGen       total 42496K, used 7169K [0x00000000c0000000, 0x00000000c2980000, 0x00000000eaa80000)
  object space 42496K, 16% used [0x00000000c0000000,0x00000000c0700418,0x00000000c2980000)
 PSPermGen       total 21504K, used 5788K [0x00000000bae00000, 0x00000000bc300000, 0x00000000c0000000)
  object space 21504K, 26% used [0x00000000bae00000,0x00000000bb3a7370,0x00000000bc300000)

Card table byte_map: [0x0000000005380000,0x00000000055b0000] byte_map_base: 0x0000000004da9000

Polling page: 0x0000000000460000

Code Cache  [0x00000000022c0000, 0x0000000002530000, 0x00000000052c0000)
 total_blobs=566 nmethods=329 adapters=189 free_code_cache=47882Kb largest_free_block=49000192

Compilation events (10 events):
Event: 5.373 Thread 0x000000000816a000 nmethod 325 0x00000000023e6010 code [0x00000000023e6160, 0x00000000023e6378]
Event: 5.373 Thread 0x000000000816a000  326             com.android.dx.ssa.LiteralOpUpgrader::access$000 (6 bytes)
Event: 5.373 Thread 0x000000000816a000 nmethod 326 0x00000000023fd590 code [0x00000000023fd6e0, 0x00000000023fd768]
Event: 5.374 Thread 0x000000000816a000  327             com.android.dx.rop.code.DexTranslationAdvice::requiresSourcesInOrder (30 bytes)
Event: 5.377 Thread 0x000000000816a000 nmethod 327 0x00000000023e1cd0 code [0x00000000023e1e20, 0x00000000023e2058]
Event: 5.377 Thread 0x000000000816a000  328             com.android.dx.rop.code.ThrowingCstInsn::accept (8 bytes)
Event: 5.377 Thread 0x000000000816a000 nmethod 328 0x00000000023e5dd0 code [0x00000000023e5f20, 0x00000000023e5f98]
Event: 5.378 Thread 0x000000000816a000  330             com.android.dx.rop.code.Insn::hashCode (5 bytes)
Event: 5.378 Thread 0x000000000816a000 nmethod 330 0x00000000023e5b50 code [0x00000000023e5ca0, 0x00000000023e5d28]
Event: 5.378 Thread 0x000000000816a000  331             com.android.dx.ssa.SCCP::addUsersToWorklist (103 bytes)

GC Heap History (6 events):
Event: 3.514 GC heap before
{Heap before GC invocations=1 (full 0):
 PSYoungGen      total 18944K, used 16384K [0x00000000eaa80000, 0x00000000ebf80000, 0x0000000100000000)
  eden space 16384K, 100% used [0x00000000eaa80000,0x00000000eba80000,0x00000000eba80000)
  from space 2560K, 0% used [0x00000000ebd00000,0x00000000ebd00000,0x00000000ebf80000)
  to   space 2560K, 0% used [0x00000000eba80000,0x00000000eba80000,0x00000000ebd00000)
 ParOldGen       total 42496K, used 0K [0x00000000c0000000, 0x00000000c2980000, 0x00000000eaa80000)
  object space 42496K, 0% used [0x00000000c0000000,0x00000000c0000000,0x00000000c2980000)
 PSPermGen       total 21504K, used 5554K [0x00000000bae00000, 0x00000000bc300000, 0x00000000c0000000)
  object space 21504K, 25% used [0x00000000bae00000,0x00000000bb36c948,0x00000000bc300000)
Event: 3.524 GC heap after
Heap after GC invocations=1 (full 0):
 PSYoungGen      total 18944K, used 2554K [0x00000000eaa80000, 0x00000000ebf80000, 0x0000000100000000)
  eden space 16384K, 0% used [0x00000000eaa80000,0x00000000eaa80000,0x00000000eba80000)
  from space 2560K, 99% used [0x00000000eba80000,0x00000000ebcfeab8,0x00000000ebd00000)
  to   space 2560K, 0% used [0x00000000ebd00000,0x00000000ebd00000,0x00000000ebf80000)
 ParOldGen       total 42496K, used 1702K [0x00000000c0000000, 0x00000000c2980000, 0x00000000eaa80000)
  object space 42496K, 4% used [0x00000000c0000000,0x00000000c01a98a0,0x00000000c2980000)
 PSPermGen       total 21504K, used 5554K [0x00000000bae00000, 0x00000000bc300000, 0x00000000c0000000)
  object space 21504K, 25% used [0x00000000bae00000,0x00000000bb36c948,0x00000000bc300000)
}
Event: 4.638 GC heap before
{Heap before GC invocations=2 (full 0):
 PSYoungGen      total 18944K, used 18938K [0x00000000eaa80000, 0x00000000ebf80000, 0x0000000100000000)
  eden space 16384K, 100% used [0x00000000eaa80000,0x00000000eba80000,0x00000000eba80000)
  from space 2560K, 99% used [0x00000000eba80000,0x00000000ebcfeab8,0x00000000ebd00000)
  to   space 2560K, 0% used [0x00000000ebd00000,0x00000000ebd00000,0x00000000ebf80000)
 ParOldGen       total 42496K, used 1702K [0x00000000c0000000, 0x00000000c2980000, 0x00000000eaa80000)
  object space 42496K, 4% used [0x00000000c0000000,0x00000000c01a98a0,0x00000000c2980000)
 PSPermGen       total 21504K, used 5750K [0x00000000bae00000, 0x00000000bc300000, 0x00000000c0000000)
  object space 21504K, 26% used [0x00000000bae00000,0x00000000bb39dbb0,0x00000000bc300000)
Event: 4.649 GC heap after
Heap after GC invocations=2 (full 0):
 PSYoungGen      total 18944K, used 2542K [0x00000000eaa80000, 0x00000000ebf80000, 0x0000000100000000)
  eden space 16384K, 0% used [0x00000000eaa80000,0x00000000eaa80000,0x00000000eba80000)
  from space 2560K, 99% used [0x00000000ebd00000,0x00000000ebf7b860,0x00000000ebf80000)
  to   space 2560K, 0% used [0x00000000eba80000,0x00000000eba80000,0x00000000ebd00000)
 ParOldGen       total 42496K, used 4579K [0x00000000c0000000, 0x00000000c2980000, 0x00000000eaa80000)
  object space 42496K, 10% used [0x00000000c0000000,0x00000000c0478cb8,0x00000000c2980000)
 PSPermGen       total 21504K, used 5750K [0x00000000bae00000, 0x00000000bc300000, 0x00000000c0000000)
  object space 21504K, 26% used [0x00000000bae00000,0x00000000bb39dbb0,0x00000000bc300000)
}
Event: 5.364 GC heap before
{Heap before GC invocations=3 (full 0):
 PSYoungGen      total 18944K, used 18926K [0x00000000eaa80000, 0x00000000ebf80000, 0x0000000100000000)
  eden space 16384K, 100% used [0x00000000eaa80000,0x00000000eba80000,0x00000000eba80000)
  from space 2560K, 99% used [0x00000000ebd00000,0x00000000ebf7b860,0x00000000ebf80000)
  to   space 2560K, 0% used [0x00000000eba80000,0x00000000eba80000,0x00000000ebd00000)
 ParOldGen       total 42496K, used 4732K [0x00000000c0000000, 0x00000000c2980000, 0x00000000eaa80000)
  object space 42496K, 11% used [0x00000000c0000000,0x00000000c049f3f8,0x00000000c2980000)
 PSPermGen       total 21504K, used 5786K [0x00000000bae00000, 0x00000000bc300000, 0x00000000c0000000)
  object space 21504K, 26% used [0x00000000bae00000,0x00000000bb3a69a0,0x00000000bc300000)
Event: 5.373 GC heap after
Heap after GC invocations=3 (full 0):
 PSYoungGen      total 18944K, used 2558K [0x00000000eaa80000, 0x00000000ebf80000, 0x0000000100000000)
  eden space 16384K, 0% used [0x00000000eaa80000,0x00000000eaa80000,0x00000000eba80000)
  from space 2560K, 99% used [0x00000000eba80000,0x00000000ebcff850,0x00000000ebd00000)
  to   space 2560K, 0% used [0x00000000ebd00000,0x00000000ebd00000,0x00000000ebf80000)
 ParOldGen       total 42496K, used 7169K [0x00000000c0000000, 0x00000000c2980000, 0x00000000eaa80000)
  object space 42496K, 16% used [0x00000000c0000000,0x00000000c0700418,0x00000000c2980000)
 PSPermGen       total 21504K, used 5786K [0x00000000bae00000, 0x00000000bc300000, 0x00000000c0000000)
  object space 21504K, 26% used [0x00000000bae00000,0x00000000bb3a69a0,0x00000000bc300000)
}

Deoptimization events (9 events):
Event: 3.052 Thread 0x0000000009cc2000 Uncommon trap: reason=class_check action=maybe_recompile pc=0x00000000023358b4 method=com.android.dx.ssa.NormalSsaInsn.accept(Lcom/android/dx/ssa/SsaInsn$Visitor;)V @ 9
Event: 3.052 Thread 0x0000000009cc2000 Uncommon trap: reason=class_check action=maybe_recompile pc=0x00000000023358b4 method=com.android.dx.ssa.NormalSsaInsn.accept(Lcom/android/dx/ssa/SsaInsn$Visitor;)V @ 9
Event: 3.053 Thread 0x0000000009cc2000 Uncommon trap: reason=class_check action=maybe_recompile pc=0x00000000023358b4 method=com.android.dx.ssa.NormalSsaInsn.accept(Lcom/android/dx/ssa/SsaInsn$Visitor;)V @ 9
Event: 3.053 Thread 0x0000000009cc2000 Uncommon trap: reason=class_check action=maybe_recompile pc=0x00000000023358b4 method=com.android.dx.ssa.NormalSsaInsn.accept(Lcom/android/dx/ssa/SsaInsn$Visitor;)V @ 9
Event: 3.092 Thread 0x0000000009c9f800 Uncommon trap: reason=null_check action=make_not_entrant pc=0x000000000233e614 method=com.android.dx.rop.code.LocalItem.equals(Ljava/lang/Object;)Z @ 1
Event: 3.960 Thread 0x00000000021c0800 Uncommon trap: reason=null_check action=make_not_entrant pc=0x000000000235f4f4 method=com.android.dx.rop.type.Type.putIntern(Lcom/android/dx/rop/type/Type;)Lcom/android/dx/rop/type/Type; @ 18
Event: 5.269 Thread 0x0000000009cb5800 Uncommon trap: reason=unreached action=reinterpret pc=0x00000000023d0d74 method=com.android.dx.cf.code.BaseMachine.getLocalTarget(Z)Lcom/android/dx/rop/code/RegisterSpec; @ 131
Event: 5.332 Thread 0x00000000021c0800 Uncommon trap: reason=unloaded action=reinterpret pc=0x00000000023ab65c method=com.android.dx.cf.cst.ConstantPoolParser.parse0(ILjava/util/BitSet;)Lcom/android/dx/rop/cst/Constant; @ 198
Event: 5.387 Thread 0x0000000009ca0000 Uncommon trap: reason=unreached action=reinterpret pc=0x00000000023a7adc method=com.android.dx.rop.code.LocalVariableExtractor.processBlock(I)V @ 195

Internal exceptions (10 events):
Event: 3.205 Thread 0x00000000021c0800 Threw 0x00000000eb70ad70 at C:\re\jdk7u79\2331\hotspot\src\share\vm\prims\jvm.cpp:1304
Event: 3.473 Thread 0x0000000009cb5800 Threw 0x00000000eb918510 at C:\re\jdk7u79\2331\hotspot\src\share\vm\prims\jvm.cpp:1304
Event: 3.490 Thread 0x00000000021c0800 Threw 0x00000000eb9b48c8 at C:\re\jdk7u79\2331\hotspot\src\share\vm\prims\jvm.cpp:1304
Event: 3.491 Thread 0x00000000021c0800 Threw 0x00000000eb9b6f08 at C:\re\jdk7u79\2331\hotspot\src\share\vm\prims\jvm.cpp:1304
Event: 3.548 Thread 0x00000000021c0800 Threw 0x00000000eac962e8 at C:\re\jdk7u79\2331\hotspot\src\share\vm\prims\jvm.cpp:1304
Event: 3.549 Thread 0x00000000021c0800 Threw 0x00000000eaccb600 at C:\re\jdk7u79\2331\hotspot\src\share\vm\prims\jvm.cpp:1304
Event: 3.549 Thread 0x00000000021c0800 Threw 0x00000000eacd0dc8 at C:\re\jdk7u79\2331\hotspot\src\share\vm\prims\jvm.cpp:1304
Event: 3.855 Thread 0x0000000009cb5800 Threw 0x00000000eaf71ff0 at C:\re\jdk7u79\2331\hotspot\src\share\vm\prims\jvm.cpp:1304
Event: 3.960 Thread 0x00000000021c0800 Implicit null exception at 0x000000000235ee07 to 0x000000000235f4e5
Event: 3.987 Thread 0x00000000021c0800 Threw 0x00000000eb13ec40 at C:\re\jdk7u79\2331\hotspot\src\share\vm\prims\jvm.cpp:1304

Events (10 events):
Event: 5.332 Thread 0x00000000021c0800 Uncommon trap: trap_request=0x000000d0 fr.pc=0x00000000023ab65c
Event: 5.332 Thread 0x00000000021c0800 DEOPT PACKING pc=0x00000000023ab65c sp=0x000000000213ee20
Event: 5.332 Thread 0x00000000021c0800 DEOPT UNPACKING pc=0x00000000022f75a4 sp=0x000000000213edd8 mode 2
Event: 5.357 Executing VM operation: ParallelGCFailedAllocation
Event: 5.361 Executing VM operation: ParallelGCFailedAllocation done
Event: 5.364 Executing VM operation: ParallelGCFailedAllocation
Event: 5.373 Executing VM operation: ParallelGCFailedAllocation done
Event: 5.387 Thread 0x0000000009ca0000 Uncommon trap: trap_request=0xffffffad fr.pc=0x00000000023a7adc
Event: 5.387 Thread 0x0000000009ca0000 DEOPT PACKING pc=0x00000000023a7adc sp=0x000000000a3befa0
Event: 5.387 Thread 0x0000000009ca0000 DEOPT UNPACKING pc=0x00000000022f75a4 sp=0x000000000a3bef40 mode 2


Dynamic libraries:
0x00007ff6a4b00000 - 0x00007ff6a4b33000 	C:\Program Files\Java\jdk1.7.0_79\bin\java.exe
0x00007ffa56aa0000 - 0x00007ffa56c61000 	C:\WINDOWS\SYSTEM32\ntdll.dll
0x00007ffa54500000 - 0x00007ffa545ad000 	C:\WINDOWS\system32\KERNEL32.DLL
0x00007ffa53390000 - 0x00007ffa53578000 	C:\WINDOWS\system32\KERNELBASE.dll
0x00007ffa54db0000 - 0x00007ffa54e57000 	C:\WINDOWS\system32\ADVAPI32.dll
0x00007ffa54960000 - 0x00007ffa549fd000 	C:\WINDOWS\system32\msvcrt.dll
0x00007ffa54900000 - 0x00007ffa5495b000 	C:\WINDOWS\system32\sechost.dll
0x00007ffa54a10000 - 0x00007ffa54b2c000 	C:\WINDOWS\system32\RPCRT4.dll
0x00007ffa55020000 - 0x00007ffa55176000 	C:\WINDOWS\system32\USER32.dll
0x00007ffa568b0000 - 0x00007ffa56a36000 	C:\WINDOWS\system32\GDI32.dll
0x00007ffa44d80000 - 0x00007ffa44ff4000 	C:\WINDOWS\WinSxS\amd64_microsoft.windows.common-controls_6595b64144ccf1df_6.0.10586.0_none_8c15ae12515e1c22\COMCTL32.dll
0x00007ffa54680000 - 0x00007ffa548fd000 	C:\WINDOWS\system32\combase.dll
0x00007ffa53150000 - 0x00007ffa531ba000 	C:\WINDOWS\system32\bcryptPrimitives.dll
0x00007ffa53fb0000 - 0x00007ffa53feb000 	C:\WINDOWS\system32\IMM32.DLL
0x0000000071e40000 - 0x0000000071f12000 	C:\Program Files\Java\jdk1.7.0_79\jre\bin\msvcr100.dll
0x0000000072790000 - 0x0000000072f65000 	C:\Program Files\Java\jdk1.7.0_79\jre\bin\server\jvm.dll
0x00007ffa54a00000 - 0x00007ffa54a08000 	C:\WINDOWS\system32\PSAPI.DLL
0x00007ffa48c30000 - 0x00007ffa48c39000 	C:\WINDOWS\SYSTEM32\WSOCK32.dll
0x00007ffa54b30000 - 0x00007ffa54b9b000 	C:\WINDOWS\system32\WS2_32.dll
0x00007ffa51840000 - 0x00007ffa51863000 	C:\WINDOWS\SYSTEM32\WINMM.dll
0x00007ffa51810000 - 0x00007ffa5183c000 	C:\WINDOWS\SYSTEM32\WINMMBASE.dll
0x00007ffa53c80000 - 0x00007ffa53cc3000 	C:\WINDOWS\system32\cfgmgr32.dll
0x00000000726a0000 - 0x00000000726af000 	C:\Program Files\Java\jdk1.7.0_79\jre\bin\verify.dll
0x0000000072670000 - 0x0000000072698000 	C:\Program Files\Java\jdk1.7.0_79\jre\bin\java.dll
0x0000000072650000 - 0x0000000072665000 	C:\Program Files\Java\jdk1.7.0_79\jre\bin\zip.dll
0x0000000072630000 - 0x000000007264a000 	C:\Program Files\Java\jdk1.7.0_79\jre\bin\net.dll
0x00007ffa52990000 - 0x00007ffa529ec000 	C:\WINDOWS\system32\mswsock.dll
0x0000000072610000 - 0x0000000072621000 	C:\Program Files\Java\jdk1.7.0_79\jre\bin\nio.dll

VM Arguments:
jvm_args: -Xmx1024M -Dfile.encoding=windows-1252 -Duser.country=US -Duser.language=en -Duser.variant 
java_command: com.android.dx.command.Main --dex --num-threads=4 --output C:\Users\Rayan\Desktop\RayanASB\app\build\intermediates\pre-dexed\debug\classes-8264718cd39b3deeb7d450ec3f57410db1f58dda.jar C:\Users\Rayan\Desktop\RayanASB\app\build\intermediates\exploded-aar\com.android.support\design\23.2.0\jars\classes.jar
Launcher Type: SUN_STANDARD

Environment Variables:
PATH=C:\ProgramData\Oracle\Java\javapath;C:\WINDOWS\system32;C:\WINDOWS;C:\WINDOWS\System32\Wbem;C:\WINDOWS\System32\WindowsPowerShell\v1.0\;C:\Program Files (x86)\Windows Live\Shared;C:\Program Files (x86)\QuickTime\QTSystem\;C:\Program Files (x86)\Skype\Phone\;C:\Program Files\Git\cmd
USERNAME=Rayan
OS=Windows_NT
PROCESSOR_IDENTIFIER=Intel64 Family 6 Model 69 Stepping 1, GenuineIntel



---------------  S Y S T E M  ---------------

OS: Windows 8.1 , 64 bit Build 9600 

CPU:total 4 (2 cores per cpu, 2 threads per core) family 6 model 69 stepping 1, cmov, cx8, fxsr, mmx, sse, sse2, sse3, ssse3, sse4.1, sse4.2, popcnt, avx, avx2, aes, erms, ht, tsc, tscinvbit

Memory: 4k page, physical 4097096k(379080k free), swap 9289988k(5876k free)

vm_info: Java HotSpot(TM) 64-Bit Server VM (24.79-b02) for windows-amd64 JRE (1.7.0_79-b15), built on Apr 10 2015 12:36:16 by "java_re" with unknown MS VC++:1600

time: Sun Apr 17 00:10:04 2016
elapsed time: 5 seconds

