#
# There is insufficient memory for the Java Runtime Environment to continue.
# Native memory allocation (malloc) failed to allocate 1248464 bytes for Chunk::new
# Possible reasons:
#   The system is out of physical RAM or swap space
#   In 32 bit mode, the process size limit was hit
# Possible solutions:
#   Reduce memory load on the system
#   Increase physical memory or swap space
#   Check if swap backing store is full
#   Use 64 bit Java on a 64 bit OS
#   Decrease Java heap size (-Xmx/-Xms)
#   Decrease number of Java threads
#   Decrease Java thread stack sizes (-Xss)
#   Set larger code cache with -XX:ReservedCodeCacheSize=
# This output file may be truncated or incomplete.
#
#  Out of Memory Error (allocation.cpp:323), pid=10436, tid=14184
#
# JRE version: Java(TM) SE Runtime Environment (7.0_79-b15) (build 1.7.0_79-b15)
# Java VM: Java HotSpot(TM) 64-Bit Server VM (24.79-b02 mixed mode windows-amd64 compressed oops)
# Failed to write core dump. Minidumps are not enabled by default on client versions of Windows
#

---------------  T H R E A D  ---------------

Current thread (0x000000000809f800):  JavaThread "C2 CompilerThread1" daemon [_thread_in_native, id=14184, stack(0x0000000009710000,0x0000000009810000)]

Stack: [0x0000000009710000,0x0000000009810000]

Current CompileTask:
C2:   5969  241   !         com.android.dx.cf.code.BytecodeArray::parseInstruction (2764 bytes)


---------------  P R O C E S S  ---------------

Java Threads: ( => current thread )
  0x00000000080aa000 JavaThread "Service Thread" daemon [_thread_blocked, id=8040, stack(0x0000000009810000,0x0000000009910000)]
=>0x000000000809f800 JavaThread "C2 CompilerThread1" daemon [_thread_in_native, id=14184, stack(0x0000000009710000,0x0000000009810000)]
  0x000000000809e000 JavaThread "C2 CompilerThread0" daemon [_thread_in_native, id=8408, stack(0x0000000009610000,0x0000000009710000)]
  0x000000000809d000 JavaThread "Attach Listener" daemon [_thread_blocked, id=11064, stack(0x0000000009510000,0x0000000009610000)]
  0x0000000008099800 JavaThread "Signal Dispatcher" daemon [_thread_blocked, id=6804, stack(0x0000000009410000,0x0000000009510000)]
  0x0000000008059800 JavaThread "Finalizer" daemon [_thread_blocked, id=13080, stack(0x0000000009310000,0x0000000009410000)]
  0x0000000008056000 JavaThread "Reference Handler" daemon [_thread_blocked, id=7900, stack(0x0000000009210000,0x0000000009310000)]
  0x00000000021c0800 JavaThread "main" [_thread_in_vm, id=3596, stack(0x0000000001ff0000,0x00000000020f0000)]

Other Threads:
  0x0000000008051000 VMThread [stack: 0x0000000009110000,0x0000000009210000] [id=7908]
  0x00000000080b4800 WatcherThread [stack: 0x0000000009910000,0x0000000009a10000] [id=9016]

VM state:not at safepoint (normal execution)

VM Mutex/Monitor currently owned by a thread: None

Heap
 PSYoungGen      total 18944K, used 5656K [0x00000000eaa80000, 0x00000000ebf80000, 0x0000000100000000)
  eden space 16384K, 19% used [0x00000000eaa80000,0x00000000ead8e1d0,0x00000000eba80000)
  from space 2560K, 98% used [0x00000000ebd00000,0x00000000ebf78028,0x00000000ebf80000)
  to   space 2560K, 0% used [0x00000000eba80000,0x00000000eba80000,0x00000000ebd00000)
 ParOldGen       total 42496K, used 3915K [0x00000000c0000000, 0x00000000c2980000, 0x00000000eaa80000)
  object space 42496K, 9% used [0x00000000c0000000,0x00000000c03d2ce0,0x00000000c2980000)
 PSPermGen       total 21504K, used 5810K [0x00000000bae00000, 0x00000000bc300000, 0x00000000c0000000)
  object space 21504K, 27% used [0x00000000bae00000,0x00000000bb3ac938,0x00000000bc300000)

Card table byte_map: [0x00000000052c0000,0x00000000054f0000] byte_map_base: 0x0000000004ce9000

Polling page: 0x0000000000510000

Code Cache  [0x00000000022c0000, 0x0000000002530000, 0x00000000052c0000)
 total_blobs=476 nmethods=239 adapters=189 free_code_cache=48165Kb largest_free_block=49288192

Compilation events (10 events):
Event: 4.423 Thread 0x000000000809e000 nmethod 236 0x00000000023a6f10 code [0x00000000023a7060, 0x00000000023a7438]
Event: 4.423 Thread 0x000000000809e000  237             com.android.dx.rop.code.RegisterSpecSet::localItemToSpec (49 bytes)
Event: 4.426 Thread 0x000000000809e000 nmethod 237 0x00000000023a6510 code [0x00000000023a6660, 0x00000000023a6a98]
Event: 4.426 Thread 0x000000000809e000  238             com.android.dx.rop.code.RegisterSpec::make (7 bytes)
Event: 4.427 Thread 0x000000000809e000 nmethod 238 0x000000000234b050 code [0x000000000234b1a0, 0x000000000234b208]
Event: 4.427 Thread 0x000000000809e000  239   !         com.android.dx.cf.code.Ropper::processBlock (1101 bytes)
Event: 4.435 Thread 0x000000000809f800 nmethod 230 0x00000000023ba790 code [0x00000000023baa60, 0x00000000023bc2d8]
Event: 4.435 Thread 0x000000000809f800  240             com.android.dx.cf.code.ByteOps::opInfo (6 bytes)
Event: 4.435 Thread 0x000000000809f800 nmethod 240 0x00000000023a7e50 code [0x00000000023a7f80, 0x00000000023a7fd8]
Event: 4.435 Thread 0x000000000809f800  241   !         com.android.dx.cf.code.BytecodeArray::parseInstruction (2764 bytes)

GC Heap History (4 events):
Event: 1.375 GC heap before
{Heap before GC invocations=1 (full 0):
 PSYoungGen      total 18944K, used 16384K [0x00000000eaa80000, 0x00000000ebf80000, 0x0000000100000000)
  eden space 16384K, 100% used [0x00000000eaa80000,0x00000000eba80000,0x00000000eba80000)
  from space 2560K, 0% used [0x00000000ebd00000,0x00000000ebd00000,0x00000000ebf80000)
  to   space 2560K, 0% used [0x00000000eba80000,0x00000000eba80000,0x00000000ebd00000)
 ParOldGen       total 42496K, used 0K [0x00000000c0000000, 0x00000000c2980000, 0x00000000eaa80000)
  object space 42496K, 0% used [0x00000000c0000000,0x00000000c0000000,0x00000000c2980000)
 PSPermGen       total 21504K, used 5586K [0x00000000bae00000, 0x00000000bc300000, 0x00000000c0000000)
  object space 21504K, 25% used [0x00000000bae00000,0x00000000bb374888,0x00000000bc300000)
Event: 1.545 GC heap after
Heap after GC invocations=1 (full 0):
 PSYoungGen      total 18944K, used 2534K [0x00000000eaa80000, 0x00000000ebf80000, 0x0000000100000000)
  eden space 16384K, 0% used [0x00000000eaa80000,0x00000000eaa80000,0x00000000eba80000)
  from space 2560K, 98% used [0x00000000eba80000,0x00000000ebcf9850,0x00000000ebd00000)
  to   space 2560K, 0% used [0x00000000ebd00000,0x00000000ebd00000,0x00000000ebf80000)
 ParOldGen       total 42496K, used 1768K [0x00000000c0000000, 0x00000000c2980000, 0x00000000eaa80000)
  object space 42496K, 4% used [0x00000000c0000000,0x00000000c01ba128,0x00000000c2980000)
 PSPermGen       total 21504K, used 5586K [0x00000000bae00000, 0x00000000bc300000, 0x00000000c0000000)
  object space 21504K, 25% used [0x00000000bae00000,0x00000000bb374888,0x00000000bc300000)
}
Event: 2.328 GC heap before
{Heap before GC invocations=2 (full 0):
 PSYoungGen      total 18944K, used 18918K [0x00000000eaa80000, 0x00000000ebf80000, 0x0000000100000000)
  eden space 16384K, 100% used [0x00000000eaa80000,0x00000000eba80000,0x00000000eba80000)
  from space 2560K, 98% used [0x00000000eba80000,0x00000000ebcf9850,0x00000000ebd00000)
  to   space 2560K, 0% used [0x00000000ebd00000,0x00000000ebd00000,0x00000000ebf80000)
 ParOldGen       total 42496K, used 1768K [0x00000000c0000000, 0x00000000c2980000, 0x00000000eaa80000)
  object space 42496K, 4% used [0x00000000c0000000,0x00000000c01ba128,0x00000000c2980000)
 PSPermGen       total 21504K, used 5757K [0x00000000bae00000, 0x00000000bc300000, 0x00000000c0000000)
  object space 21504K, 26% used [0x00000000bae00000,0x00000000bb39f568,0x00000000bc300000)
Event: 4.336 GC heap after
Heap after GC invocations=2 (full 0):
 PSYoungGen      total 18944K, used 2528K [0x00000000eaa80000, 0x00000000ebf80000, 0x0000000100000000)
  eden space 16384K, 0% used [0x00000000eaa80000,0x00000000eaa80000,0x00000000eba80000)
  from space 2560K, 98% used [0x00000000ebd00000,0x00000000ebf78028,0x00000000ebf80000)
  to   space 2560K, 0% used [0x00000000eba80000,0x00000000eba80000,0x00000000ebd00000)
 ParOldGen       total 42496K, used 3915K [0x00000000c0000000, 0x00000000c2980000, 0x00000000eaa80000)
  object space 42496K, 9% used [0x00000000c0000000,0x00000000c03d2ce0,0x00000000c2980000)
 PSPermGen       total 21504K, used 5757K [0x00000000bae00000, 0x00000000bc300000, 0x00000000c0000000)
  object space 21504K, 26% used [0x00000000bae00000,0x00000000bb39f568,0x00000000bc300000)
}

Deoptimization events (7 events):
Event: 0.907 Thread 0x0000000009af1800 Uncommon trap: reason=null_check action=make_not_entrant pc=0x000000000233b414 method=com.android.dx.rop.code.LocalItem.equals(Ljava/lang/Object;)Z @ 1
Event: 0.988 Thread 0x0000000009af1800 Uncommon trap: reason=class_check action=maybe_recompile pc=0x00000000023439a8 method=com.android.dx.ssa.NormalSsaInsn.accept(Lcom/android/dx/ssa/SsaInsn$Visitor;)V @ 9
Event: 0.988 Thread 0x0000000009af1800 Uncommon trap: reason=class_check action=maybe_recompile pc=0x00000000023439a8 method=com.android.dx.ssa.NormalSsaInsn.accept(Lcom/android/dx/ssa/SsaInsn$Visitor;)V @ 9
Event: 0.989 Thread 0x0000000009af1800 Uncommon trap: reason=class_check action=maybe_recompile pc=0x00000000023439a8 method=com.android.dx.ssa.NormalSsaInsn.accept(Lcom/android/dx/ssa/SsaInsn$Visitor;)V @ 9
Event: 0.989 Thread 0x0000000009af1800 Uncommon trap: reason=class_check action=maybe_recompile pc=0x00000000023439a8 method=com.android.dx.ssa.NormalSsaInsn.accept(Lcom/android/dx/ssa/SsaInsn$Visitor;)V @ 9
Event: 1.653 Thread 0x0000000009b4f000 Uncommon trap: reason=null_check action=make_not_entrant pc=0x000000000234ca94 method=com.android.dx.rop.type.Type.equals(Ljava/lang/Object;)Z @ 8
Event: 1.821 Thread 0x0000000009b4f000 Uncommon trap: reason=unreached action=reinterpret pc=0x00000000023564c4 method=com.android.dx.rop.cst.Constant.compareTo(Lcom/android/dx/rop/cst/Constant;)I @ 12

Internal exceptions (10 events):
Event: 0.850 Thread 0x0000000009b4f000 Threw 0x00000000eb3beb78 at C:\re\jdk7u79\2331\hotspot\src\share\vm\prims\jvm.cpp:1304
Event: 0.859 Thread 0x0000000009af1800 Threw 0x00000000eb2146e8 at C:\re\jdk7u79\2331\hotspot\src\share\vm\prims\jvm.cpp:1304
Event: 0.890 Thread 0x0000000009af2800 Threw 0x00000000eb5949b0 at C:\re\jdk7u79\2331\hotspot\src\share\vm\prims\jvm.cpp:1304
Event: 0.901 Thread 0x0000000009af1800 Threw 0x00000000eb237d40 at C:\re\jdk7u79\2331\hotspot\src\share\vm\prims\jvm.cpp:1304
Event: 0.907 Thread 0x0000000009af1800 Implicit null exception at 0x000000000233ab6a to 0x000000000233b3f9
Event: 1.602 Thread 0x0000000009af1800 Threw 0x00000000eac9c6c0 at C:\re\jdk7u79\2331\hotspot\src\share\vm\prims\jvm.cpp:1304
Event: 1.603 Thread 0x0000000009af1800 Threw 0x00000000eaca1f10 at C:\re\jdk7u79\2331\hotspot\src\share\vm\prims\jvm.cpp:1304
Event: 1.605 Thread 0x0000000009af1800 Threw 0x00000000eaca74d8 at C:\re\jdk7u79\2331\hotspot\src\share\vm\prims\jvm.cpp:1304
Event: 1.653 Thread 0x0000000009b4f000 Implicit null exception at 0x000000000234c992 to 0x000000000234ca85
Event: 5.518 Thread 0x00000000021c0800 Threw 0x00000000ead6bb88 at C:\re\jdk7u79\2331\hotspot\src\share\vm\prims\jvm.cpp:1304

Events (10 events):
Event: 4.937 loading class 0x00000000080b81a0
Event: 4.937 loading class 0x00000000080b81a0 done
Event: 4.937 loading class 0x0000000009ae5cf0 done
Event: 5.465 loading class 0x00000000080b8320 done
Event: 5.466 loading class 0x00000000080b82f0
Event: 5.466 loading class 0x00000000080b82f0 done
Event: 5.467 loading class 0x000000000223d1d0
Event: 5.518 loading class 0x000000000223d1d0 done
Event: 5.518 loading class 0x0000000009b48850
Event: 5.518 loading class 0x0000000009b48850 done


Dynamic libraries:
0x00007ff6a4b00000 - 0x00007ff6a4b33000 	C:\Program Files\Java\jdk1.7.0_79\bin\java.exe
0x00007ffa56aa0000 - 0x00007ffa56c61000 	C:\WINDOWS\SYSTEM32\ntdll.dll
0x00007ffa54500000 - 0x00007ffa545ad000 	C:\WINDOWS\system32\KERNEL32.DLL
0x00007ffa53390000 - 0x00007ffa53578000 	C:\WINDOWS\system32\KERNELBASE.dll
0x00007ffa54db0000 - 0x00007ffa54e57000 	C:\WINDOWS\system32\ADVAPI32.dll
0x00007ffa54960000 - 0x00007ffa549fd000 	C:\WINDOWS\system32\msvcrt.dll
0x00007ffa54900000 - 0x00007ffa5495b000 	C:\WINDOWS\system32\sechost.dll
0x00007ffa54a10000 - 0x00007ffa54b2c000 	C:\WINDOWS\system32\RPCRT4.dll
0x00007ffa55020000 - 0x00007ffa55176000 	C:\WINDOWS\system32\USER32.dll
0x00007ffa568b0000 - 0x00007ffa56a36000 	C:\WINDOWS\system32\GDI32.dll
0x00007ffa44d80000 - 0x00007ffa44ff4000 	C:\WINDOWS\WinSxS\amd64_microsoft.windows.common-controls_6595b64144ccf1df_6.0.10586.0_none_8c15ae12515e1c22\COMCTL32.dll
0x00007ffa54680000 - 0x00007ffa548fd000 	C:\WINDOWS\system32\combase.dll
0x00007ffa53150000 - 0x00007ffa531ba000 	C:\WINDOWS\system32\bcryptPrimitives.dll
0x00007ffa53fb0000 - 0x00007ffa53feb000 	C:\WINDOWS\system32\IMM32.DLL
0x0000000071e40000 - 0x0000000071f12000 	C:\Program Files\Java\jdk1.7.0_79\jre\bin\msvcr100.dll
0x0000000072790000 - 0x0000000072f65000 	C:\Program Files\Java\jdk1.7.0_79\jre\bin\server\jvm.dll
0x00007ffa54a00000 - 0x00007ffa54a08000 	C:\WINDOWS\system32\PSAPI.DLL
0x00007ffa48c30000 - 0x00007ffa48c39000 	C:\WINDOWS\SYSTEM32\WSOCK32.dll
0x00007ffa54b30000 - 0x00007ffa54b9b000 	C:\WINDOWS\system32\WS2_32.dll
0x00007ffa51840000 - 0x00007ffa51863000 	C:\WINDOWS\SYSTEM32\WINMM.dll
0x00007ffa51810000 - 0x00007ffa5183c000 	C:\WINDOWS\SYSTEM32\WINMMBASE.dll
0x00007ffa53c80000 - 0x00007ffa53cc3000 	C:\WINDOWS\system32\cfgmgr32.dll
0x00000000726a0000 - 0x00000000726af000 	C:\Program Files\Java\jdk1.7.0_79\jre\bin\verify.dll
0x0000000072670000 - 0x0000000072698000 	C:\Program Files\Java\jdk1.7.0_79\jre\bin\java.dll
0x0000000072650000 - 0x0000000072665000 	C:\Program Files\Java\jdk1.7.0_79\jre\bin\zip.dll
0x0000000072630000 - 0x000000007264a000 	C:\Program Files\Java\jdk1.7.0_79\jre\bin\net.dll
0x00007ffa52990000 - 0x00007ffa529ec000 	C:\WINDOWS\system32\mswsock.dll
0x0000000072610000 - 0x0000000072621000 	C:\Program Files\Java\jdk1.7.0_79\jre\bin\nio.dll

VM Arguments:
jvm_args: -Xmx1024M -Dfile.encoding=windows-1252 -Duser.country=US -Duser.language=en -Duser.variant 
java_command: com.android.dx.command.Main --dex --num-threads=4 --output C:\Users\Rayan\Desktop\RayanASB\app\build\intermediates\pre-dexed\debug\classes-9e73f059174672e3fb077fb4fc9492a41db021af.jar C:\Users\Rayan\Desktop\RayanASB\app\build\intermediates\exploded-aar\com.android.support\support-vector-drawable\23.2.0\jars\classes.jar
Launcher Type: SUN_STANDARD

Environment Variables:
PATH=C:\ProgramData\Oracle\Java\javapath;C:\WINDOWS\system32;C:\WINDOWS;C:\WINDOWS\System32\Wbem;C:\WINDOWS\System32\WindowsPowerShell\v1.0\;C:\Program Files (x86)\Windows Live\Shared;C:\Program Files (x86)\QuickTime\QTSystem\;C:\Program Files (x86)\Skype\Phone\;C:\Program Files\Git\cmd
USERNAME=Rayan
OS=Windows_NT
PROCESSOR_IDENTIFIER=Intel64 Family 6 Model 69 Stepping 1, GenuineIntel



---------------  S Y S T E M  ---------------

OS: Windows 8.1 , 64 bit Build 9600 

CPU:total 4 (2 cores per cpu, 2 threads per core) family 6 model 69 stepping 1, cmov, cx8, fxsr, mmx, sse, sse2, sse3, ssse3, sse4.1, sse4.2, popcnt, avx, avx2, aes, erms, ht, tsc, tscinvbit

Memory: 4k page, physical 4097096k(323604k free), swap 9289988k(5944k free)

vm_info: Java HotSpot(TM) 64-Bit Server VM (24.79-b02) for windows-amd64 JRE (1.7.0_79-b15), built on Apr 10 2015 12:36:16 by "java_re" with unknown MS VC++:1600

time: Sat Apr 16 23:38:27 2016
elapsed time: 5 seconds

